::1 - - [26/Apr/2025:14:54:22 +0000] "GET /api-test HTTP/1.1" 404 1272 "-" "Mozilla/5.0 (Macintosh; Intel Mac OS X 10_15_7) AppleWebKit/605.1.15 (KHTML, like Gecko) Version/18.4 Safari/605.1.15"
::1 - - [26/Apr/2025:15:03:16 +0000] "GET /api-test HTTP/1.1" 404 1272 "-" "Mozilla/5.0 (Macintosh; Intel Mac OS X 10_15_7) AppleWebKit/605.1.15 (KHTML, like Gecko) Version/18.4 Safari/605.1.15"
::1 - - [26/Apr/2025:15:07:42 +0000] "GET /api-test HTTP/1.1" 404 1216 "-" "Mozilla/5.0 (Macintosh; Intel Mac OS X 10_15_7) AppleWebKit/605.1.15 (KHTML, like Gecko) Version/18.4 Safari/605.1.15"
::1 - - [26/Apr/2025:15:14:49 +0000] "GET /api-test HTTP/1.1" 404 1216 "-" "Mozilla/5.0 (Macintosh; Intel Mac OS X 10_15_7) AppleWebKit/605.1.15 (KHTML, like Gecko) Version/18.4 Safari/605.1.15"
::1 - - [26/Apr/2025:15:17:48 +0000] "GET /api-test HTTP/1.1" 404 1216 "-" "Mozilla/5.0 (Macintosh; Intel Mac OS X 10_15_7) AppleWebKit/605.1.15 (KHTML, like Gecko) Version/18.4 Safari/605.1.15"
::1 - - [26/Apr/2025:15:18:55 +0000] "GET /api-test HTTP/1.1" 404 1216 "-" "Mozilla/5.0 (Macintosh; Intel Mac OS X 10_15_7) AppleWebKit/605.1.15 (KHTML, like Gecko) Version/18.4 Safari/605.1.15"
::1 - - [26/Apr/2025:15:21:49 +0000] "GET /api-test.html HTTP/1.1" 404 1226 "-" "Mozilla/5.0 (Macintosh; Intel Mac OS X 10_15_7) AppleWebKit/605.1.15 (KHTML, like Gecko) Version/18.4 Safari/605.1.15"
::1 - - [26/Apr/2025:15:27:32 +0000] "GET /api-test HTTP/1.1" 404 1216 "-" "Mozilla/5.0 (Macintosh; Intel Mac OS X 10_15_7) AppleWebKit/605.1.15 (KHTML, like Gecko) Version/18.4 Safari/605.1.15"
::1 - - [26/Apr/2025:15:29:48 +0000] "GET /api-test HTTP/1.1" 404 1215 "-" "Mozilla/5.0 (Macintosh; Intel Mac OS X 10_15_7) AppleWebKit/605.1.15 (KHTML, like Gecko) Version/18.4 Safari/605.1.15"
::1 - - [26/Apr/2025:15:57:42 +0000] "POST /api/users/login HTTP/1.1" 500 40 "-" "curl/8.7.1"
::1 - - [26/Apr/2025:15:57:48 +0000] "POST /api/users/login HTTP/1.1" 500 40 "-" "curl/8.7.1"
::1 - - [26/Apr/2025:15:58:13 +0000] "POST /api/users/login HTTP/1.1" 500 40 "-" "curl/8.7.1"
::1 - - [26/Apr/2025:15:58:20 +0000] "PUT /api/reviews/680d0259eed68677cea5094a/report HTTP/1.1" 401 38 "-" "curl/8.7.1"
GET /api-docs.json 200 3.999ms - ::1 - curl/8.7.1 -
GET /api-docs 301 9.165ms - ::1 - Mozilla/5.0 (Macintosh; Intel Mac OS X 10_15_7) AppleWebKit/605.1.15 (KHTML, like Gecko) Version/18.4 Safari/605.1.15 -
GET /api-docs/ 200 9.694ms - ::1 - Mozilla/5.0 (Macintosh; Intel Mac OS X 10_15_7) AppleWebKit/605.1.15 (KHTML, like Gecko) Version/18.4 Safari/605.1.15 -
GET /api/movies/top-rated 200 18.463ms - ::1 - curl/8.7.1 -
GET /api/movies/top-rated 200 1.643ms - ::1 - curl/8.7.1 -
GET /api/genres 200 9.332ms - ::1 - curl/8.7.1 -
GET /api/directors 200 3.690ms - ::1 - curl/8.7.1 -
GET /api/actors 200 3.076ms - ::1 - curl/8.7.1 -
GET /api/faqs 200 3.089ms - ::1 - curl/8.7.1 -
GET /api/feedback 200 3.016ms - ::1 - curl/8.7.1 -
GET /api/blog-categories 200 2.771ms - ::1 - curl/8.7.1 -
GET /api/tags 200 2.323ms - ::1 - curl/8.7.1 -
GET /api/pages 200 1.796ms - ::1 - curl/8.7.1 -
GET /api/settings 200 3.542ms - ::1 - curl/8.7.1 -
GET /api/genres 200 8.922ms - ::1 - curl/8.7.1 -
GET /api/genres 200 16.058ms - ::1 - curl/8.7.1 -
GET /api/tags 200 4.569ms - ::1 - curl/8.7.1 -
GET /api/blog-categories 200 3.653ms - ::1 - curl/8.7.1 -
GET /api/faqs 200 4.603ms - ::1 - curl/8.7.1 -
GET /api/pages 200 5.916ms - ::1 - curl/8.7.1 -
GET /api/settings 200 4.919ms - ::1 - curl/8.7.1 -
GET / 200 1.817ms - ::1 - Mozilla/5.0 (Macintosh; Intel Mac OS X 10_15_7) AppleWebKit/605.1.15 (KHTML, like Gecko) Version/18.4 Safari/605.1.15 -
GET /api-test 304 2.620ms - ::1 - Mozilla/5.0 (Macintosh; Intel Mac OS X 10_15_7) AppleWebKit/605.1.15 (KHTML, like Gecko) Version/18.4 Safari/605.1.15 -
GET /api-test 304 1.916ms - ::1 - Mozilla/5.0 (Macintosh; Intel Mac OS X 10_15_7) AppleWebKit/605.1.15 (KHTML, like Gecko) Version/18.4 Safari/605.1.15 -
GET /api/pages 200 3.961ms - ::1 - Mozilla/5.0 (Macintosh; Intel Mac OS X 10_15_7) AppleWebKit/605.1.15 (KHTML, like Gecko) Version/18.4 Safari/605.1.15 -
GET /apple-touch-icon-precomposed.png 200 2.289ms - ::1 - com.apple.WebKit.Networking/20621.1.15.11.10 Network/4277.101.3 macOS/15.4.1 -
GET /apple-touch-icon.png 200 0.726ms - ::1 - com.apple.WebKit.Networking/20621.1.15.11.10 Network/4277.101.3 macOS/15.4.1 -
GET /favicon.ico 200 0.963ms - ::1 - com.apple.WebKit.Networking/20621.1.15.11.10 Network/4277.101.3 macOS/15.4.1 -
GET /api/pages 200 4.647ms - ::1 - Mozilla/5.0 (Macintosh; Intel Mac OS X 10_15_7) AppleWebKit/537.36 (KHTML, like Gecko) Chrome/135.0.0.0 Safari/537.36 -
GET /favicon.ico 200 1.143ms - ::1 - Mozilla/5.0 (Macintosh; Intel Mac OS X 10_15_7) AppleWebKit/537.36 (KHTML, like Gecko) Chrome/135.0.0.0 Safari/537.36 -
